#
# There is insufficient memory for the Java Runtime Environment to continue.
# Native memory allocation (malloc) failed to allocate 1247536 bytes for Chunk::new
# Possible reasons:
#   The system is out of physical RAM or swap space
#   The process is running with CompressedOops enabled, and the Java Heap may be blocking the growth of the native heap
# Possible solutions:
#   Reduce memory load on the system
#   Increase physical memory or swap space
#   Check if swap backing store is full
#   Decrease Java heap size (-Xmx/-Xms)
#   Decrease number of Java threads
#   Decrease Java thread stack sizes (-Xss)
#   Set larger code cache with -XX:ReservedCodeCacheSize=
#   JVM is running with Unscaled Compressed Oops mode in which the Java heap is
#     placed in the first 4GB address space. The Java Heap base address is the
#     maximum limit for the native heap growth. Please use -XX:HeapBaseMinAddress
#     to set the Java Heap base and to place the Java Heap above 4GB virtual address.
# This output file may be truncated or incomplete.
#
#  Out of Memory Error (./src/hotspot/share/memory/arena.cpp:197), pid=12524, tid=10252
#
# JRE version: OpenJDK Runtime Environment (11.0.10) (build 11.0.10+0-b96-7249189)
# Java VM: OpenJDK 64-Bit Server VM (11.0.10+0-b96-7249189, mixed mode, tiered, compressed oops, g1 gc, windows-amd64)
# No core dump will be written. Minidumps are not enabled by default on client versions of Windows
#

---------------  S U M M A R Y ------------

Command Line: --add-opens=java.base/java.util=ALL-UNNAMED --add-opens=java.base/java.lang=ALL-UNNAMED --add-opens=java.base/java.lang.invoke=ALL-UNNAMED --add-opens=java.base/java.util=ALL-UNNAMED --add-opens=java.prefs/java.util.prefs=ALL-UNNAMED --add-opens=java.prefs/java.util.prefs=ALL-UNNAMED --add-opens=java.base/java.nio.charset=ALL-UNNAMED --add-opens=java.base/java.net=ALL-UNNAMED --add-opens=java.base/java.util.concurrent.atomic=ALL-UNNAMED -Xmx2048m -Dfile.encoding=UTF-8 -Duser.country=IN -Duser.language=en -Duser.variant org.gradle.launcher.daemon.bootstrap.GradleDaemon 7.0.2

Host: Intel(R) Core(TM) i5-9300H CPU @ 2.40GHz, 8 cores, 7G,  Windows 10 , 64 bit Build 19041 (10.0.19041.1023)
Time: Mon Nov  1 23:47:20 2021 India Standard Time elapsed time: 49.827002 seconds (0d 0h 0m 49s)

---------------  T H R E A D  ---------------

Current thread (0x0000021afd84e000):  JavaThread "C2 CompilerThread1" daemon [_thread_in_native, id=10252, stack(0x000000ce0d100000,0x000000ce0d200000)]


Current CompileTask:
C2:  49827 6851 %     4       org.gradle.internal.instantiation.generator.AbstractClassGenerator::inspectType @ 107 (560 bytes)

Stack: [0x000000ce0d100000,0x000000ce0d200000]
Native frames: (J=compiled Java code, j=interpreted, Vv=VM code, C=native code)
V  [jvm.dll+0x5ecfaa]
V  [jvm.dll+0x722bd5]
V  [jvm.dll+0x72412d]
V  [jvm.dll+0x7247e3]
V  [jvm.dll+0x242928]
V  [jvm.dll+0xbc4fc]
V  [jvm.dll+0xbca0c]
V  [jvm.dll+0x2b4fd4]
V  [jvm.dll+0x506028]
V  [jvm.dll+0x203253]
V  [jvm.dll+0x1fd07c]
V  [jvm.dll+0x1fa77f]
V  [jvm.dll+0x18354c]
V  [jvm.dll+0x208ee7]
V  [jvm.dll+0x207731]
V  [jvm.dll+0x6eb1cf]
V  [jvm.dll+0x6e3d45]
V  [jvm.dll+0x5ebe96]
C  [ucrtbase.dll+0x21bb2]
C  [KERNEL32.DLL+0x17034]
C  [ntdll.dll+0x52651]


---------------  P R O C E S S  ---------------

Threads class SMR info:
_java_thread_list=0x0000021afb198be0, length=52, elements={
0x0000021adebfc800, 0x0000021af9791800, 0x0000021af979f000, 0x0000021afa114800,
0x0000021afa116800, 0x0000021afa119000, 0x0000021afa11a000, 0x0000021afa120800,
0x0000021af97b4000, 0x0000021afa26f000, 0x0000021afc4b5800, 0x0000021afc9e3800,
0x0000021afc795800, 0x0000021afb791800, 0x0000021afb240800, 0x0000021afb03c000,
0x0000021afc689800, 0x0000021afcb33000, 0x0000021afc35d800, 0x0000021afb4bc000,
0x0000021afb4ba800, 0x0000021afb4b9800, 0x0000021afb4bb000, 0x0000021afd5ab000,
0x0000021afd5ac800, 0x0000021afd5ad800, 0x0000021afd5b0000, 0x0000021afd5ae000,
0x0000021afd5aa000, 0x0000021afd5b0800, 0x0000021afd5af000, 0x0000021afd5ac000,
0x0000021afd5b6800, 0x0000021afd5b7000, 0x0000021afd5b3000, 0x0000021afd5b8000,
0x0000021afd5b9000, 0x0000021afd5b4000, 0x0000021afd5b5000, 0x0000021afe859000,
0x0000021afe85b800, 0x0000021afe85d000, 0x0000021afe85a800, 0x0000021afe85a000,
0x0000021afe85c800, 0x0000021afe85e000, 0x0000021afe858800, 0x0000021afe864800,
0x0000021afe85f000, 0x0000021afd84e000, 0x0000021afdb94800, 0x0000021afe862000
}

Java Threads: ( => current thread )
  0x0000021adebfc800 JavaThread "main" [_thread_blocked, id=2328, stack(0x000000ce09100000,0x000000ce09200000)]
  0x0000021af9791800 JavaThread "Reference Handler" daemon [_thread_blocked, id=1100, stack(0x000000ce09800000,0x000000ce09900000)]
  0x0000021af979f000 JavaThread "Finalizer" daemon [_thread_blocked, id=16480, stack(0x000000ce09900000,0x000000ce09a00000)]
  0x0000021afa114800 JavaThread "Signal Dispatcher" daemon [_thread_blocked, id=12628, stack(0x000000ce09a00000,0x000000ce09b00000)]
  0x0000021afa116800 JavaThread "Attach Listener" daemon [_thread_blocked, id=11172, stack(0x000000ce09b00000,0x000000ce09c00000)]
  0x0000021afa119000 JavaThread "Service Thread" daemon [_thread_blocked, id=11320, stack(0x000000ce09c00000,0x000000ce09d00000)]
  0x0000021afa11a000 JavaThread "C2 CompilerThread0" daemon [_thread_blocked, id=9236, stack(0x000000ce09d00000,0x000000ce09e00000)]
  0x0000021afa120800 JavaThread "C1 CompilerThread0" daemon [_thread_blocked, id=7928, stack(0x000000ce09e00000,0x000000ce09f00000)]
  0x0000021af97b4000 JavaThread "Sweeper thread" daemon [_thread_blocked, id=6288, stack(0x000000ce09f00000,0x000000ce0a000000)]
  0x0000021afa26f000 JavaThread "Common-Cleaner" daemon [_thread_blocked, id=8036, stack(0x000000ce0a000000,0x000000ce0a100000)]
  0x0000021afc4b5800 JavaThread "Daemon health stats" [_thread_blocked, id=3772, stack(0x000000ce0a600000,0x000000ce0a700000)]
  0x0000021afc9e3800 JavaThread "Incoming local TCP Connector on port 54539" [_thread_in_native, id=16076, stack(0x000000ce0a200000,0x000000ce0a300000)]
  0x0000021afc795800 JavaThread "Daemon periodic checks" [_thread_blocked, id=18068, stack(0x000000ce0a500000,0x000000ce0a600000)]
  0x0000021afb791800 JavaThread "Daemon" [_thread_blocked, id=8904, stack(0x000000ce0a700000,0x000000ce0a800000)]
  0x0000021afb240800 JavaThread "Handler for socket connection from /127.0.0.1:54539 to /127.0.0.1:54540" [_thread_in_native, id=3584, stack(0x000000ce0a800000,0x000000ce0a900000)]
  0x0000021afb03c000 JavaThread "Cancel handler" [_thread_blocked, id=13156, stack(0x000000ce0a900000,0x000000ce0aa00000)]
  0x0000021afc689800 JavaThread "Daemon worker" [_thread_in_vm, id=88, stack(0x000000ce0aa00000,0x000000ce0ab00000)]
  0x0000021afcb33000 JavaThread "Asynchronous log dispatcher for DefaultDaemonConnection: socket connection from /127.0.0.1:54539 to /127.0.0.1:54540" [_thread_blocked, id=5324, stack(0x000000ce0ab00000,0x000000ce0ac00000)]
  0x0000021afc35d800 JavaThread "Stdin handler" [_thread_blocked, id=14008, stack(0x000000ce0ac00000,0x000000ce0ad00000)]
  0x0000021afb4bc000 JavaThread "Daemon client event forwarder" [_thread_blocked, id=7256, stack(0x000000ce0ad00000,0x000000ce0ae00000)]
  0x0000021afb4ba800 JavaThread "Cache worker for file hash cache (C:\Users\sibay\.gradle\caches\7.0.2\fileHashes)" [_thread_blocked, id=16736, stack(0x000000ce0b300000,0x000000ce0b400000)]
  0x0000021afb4b9800 JavaThread "File lock request listener" [_thread_in_native, id=13000, stack(0x000000ce0b400000,0x000000ce0b500000)]
  0x0000021afb4bb000 JavaThread "Cache worker for journal cache (C:\Users\sibay\.gradle\caches\journal-1)" [_thread_blocked, id=10956, stack(0x000000ce0b600000,0x000000ce0b700000)]
  0x0000021afd5ab000 JavaThread "Cache worker for file hash cache (G:\AndroidAppDev\.gradle\7.0.2\fileHashes)" [_thread_blocked, id=16112, stack(0x000000ce0b800000,0x000000ce0b900000)]
  0x0000021afd5ac800 JavaThread "File watcher server" daemon [_thread_in_native, id=18348, stack(0x000000ce0b900000,0x000000ce0ba00000)]
  0x0000021afd5ad800 JavaThread "File watcher consumer" daemon [_thread_blocked, id=3808, stack(0x000000ce0ba00000,0x000000ce0bb00000)]
  0x0000021afd5b0000 JavaThread "Cache worker for checksums cache (G:\AndroidAppDev\.gradle\checksums)" [_thread_blocked, id=18248, stack(0x000000ce0bb00000,0x000000ce0bc00000)]
  0x0000021afd5ae000 JavaThread "Cache worker for cache directory md-supplier (C:\Users\sibay\.gradle\caches\7.0.2\md-supplier)" [_thread_blocked, id=16796, stack(0x000000ce0bc00000,0x000000ce0bd00000)]
  0x0000021afd5aa000 JavaThread "Cache worker for cache directory md-rule (C:\Users\sibay\.gradle\caches\7.0.2\md-rule)" [_thread_blocked, id=17656, stack(0x000000ce0be00000,0x000000ce0bf00000)]
  0x0000021afd5b0800 JavaThread "Cache worker for execution history cache (C:\Users\sibay\.gradle\caches\7.0.2\executionHistory)" [_thread_blocked, id=15892, stack(0x000000ce0bf00000,0x000000ce0c000000)]
  0x0000021afd5af000 JavaThread "jar transforms" [_thread_blocked, id=9540, stack(0x000000ce0c000000,0x000000ce0c100000)]
  0x0000021afd5ac000 JavaThread "jar transforms Thread 2" [_thread_blocked, id=5456, stack(0x000000ce0c100000,0x000000ce0c200000)]
  0x0000021afd5b6800 JavaThread "Cache worker for file content cache (C:\Users\sibay\.gradle\caches\7.0.2\fileContent)" [_thread_blocked, id=3560, stack(0x000000ce0c200000,0x000000ce0c300000)]
  0x0000021afd5b7000 JavaThread "Cache worker for dependencies-accessors (G:\AndroidAppDev\.gradle\7.0.2\dependencies-accessors)" [_thread_blocked, id=10176, stack(0x000000ce0c300000,0x000000ce0c400000)]
  0x0000021afd5b3000 JavaThread "jar transforms Thread 3" [_thread_blocked, id=16804, stack(0x000000ce0c400000,0x000000ce0c500000)]
  0x0000021afd5b8000 JavaThread "Cache worker for Build Output Cleanup Cache (G:\AndroidAppDev\.gradle\buildOutputCleanup)" [_thread_blocked, id=15272, stack(0x000000ce0c500000,0x000000ce0c600000)]
  0x0000021afd5b9000 JavaThread "Build operations" [_thread_blocked, id=11288, stack(0x000000ce0c600000,0x000000ce0c700000)]
  0x0000021afd5b4000 JavaThread "Build operations Thread 2" [_thread_blocked, id=6752, stack(0x000000ce0c700000,0x000000ce0c800000)]
  0x0000021afd5b5000 JavaThread "Build operations Thread 3" [_thread_blocked, id=7708, stack(0x000000ce0c800000,0x000000ce0c900000)]
  0x0000021afe859000 JavaThread "Build operations Thread 4" [_thread_blocked, id=6052, stack(0x000000ce0c900000,0x000000ce0ca00000)]
  0x0000021afe85b800 JavaThread "Build operations Thread 5" [_thread_blocked, id=16260, stack(0x000000ce0ca00000,0x000000ce0cb00000)]
  0x0000021afe85d000 JavaThread "Build operations Thread 6" [_thread_blocked, id=892, stack(0x000000ce0cb00000,0x000000ce0cc00000)]
  0x0000021afe85a800 JavaThread "Build operations Thread 7" [_thread_blocked, id=10168, stack(0x000000ce0cc00000,0x000000ce0cd00000)]
  0x0000021afe85a000 JavaThread "Build operations Thread 8" [_thread_blocked, id=8960, stack(0x000000ce0cd00000,0x000000ce0ce00000)]
  0x0000021afe85c800 JavaThread "jar transforms Thread 4" [_thread_blocked, id=4344, stack(0x000000ce0ce00000,0x000000ce0cf00000)]
  0x0000021afe85e000 JavaThread "jar transforms Thread 5" [_thread_blocked, id=7772, stack(0x000000ce0cf00000,0x000000ce0d000000)]
  0x0000021afe858800 JavaThread "jar transforms Thread 6" [_thread_blocked, id=11828, stack(0x000000ce0b700000,0x000000ce0b800000)]
  0x0000021afe864800 JavaThread "jar transforms Thread 7" [_thread_blocked, id=12352, stack(0x000000ce0bd00000,0x000000ce0be00000)]
  0x0000021afe85f000 JavaThread "jar transforms Thread 8" [_thread_blocked, id=16720, stack(0x000000ce0d000000,0x000000ce0d100000)]
=>0x0000021afd84e000 JavaThread "C2 CompilerThread1" daemon [_thread_in_native, id=10252, stack(0x000000ce0d100000,0x000000ce0d200000)]
  0x0000021afdb94800 JavaThread "C2 CompilerThread2" daemon [_thread_blocked, id=8924, stack(0x000000ce0d200000,0x000000ce0d300000)]
  0x0000021afe862000 JavaThread "Memory manager" [_thread_blocked, id=13588, stack(0x000000ce0d300000,0x000000ce0d400000)]

Other Threads:
  0x0000021af978e000 VMThread "VM Thread" [stack: 0x000000ce09700000,0x000000ce09800000] [id=1616]
  0x0000021afa273000 WatcherThread [stack: 0x000000ce0a100000,0x000000ce0a200000] [id=4400]
  0x0000021adec17000 GCTaskThread "GC Thread#0" [stack: 0x000000ce09200000,0x000000ce09300000] [id=2152]
  0x0000021afae69000 GCTaskThread "GC Thread#1" [stack: 0x000000ce0a300000,0x000000ce0a400000] [id=12368]
  0x0000021afb2a5000 GCTaskThread "GC Thread#2" [stack: 0x000000ce0a400000,0x000000ce0a500000] [id=14636]
  0x0000021afc35e000 GCTaskThread "GC Thread#3" [stack: 0x000000ce0ae00000,0x000000ce0af00000] [id=10828]
  0x0000021afb508000 GCTaskThread "GC Thread#4" [stack: 0x000000ce0af00000,0x000000ce0b000000] [id=12552]
  0x0000021afce6e800 GCTaskThread "GC Thread#5" [stack: 0x000000ce0b000000,0x000000ce0b100000] [id=8424]
  0x0000021afbb19800 GCTaskThread "GC Thread#6" [stack: 0x000000ce0b100000,0x000000ce0b200000] [id=14112]
  0x0000021afb6f8800 GCTaskThread "GC Thread#7" [stack: 0x000000ce0b200000,0x000000ce0b300000] [id=6364]
  0x0000021adec47000 ConcurrentGCThread "G1 Main Marker" [stack: 0x000000ce09300000,0x000000ce09400000] [id=13244]
  0x0000021adec48000 ConcurrentGCThread "G1 Conc#0" [stack: 0x000000ce09400000,0x000000ce09500000] [id=12004]
  0x0000021afd247800 ConcurrentGCThread "G1 Conc#1" [stack: 0x000000ce0b500000,0x000000ce0b600000] [id=17804]
  0x0000021af95e0800 ConcurrentGCThread "G1 Refine#0" [stack: 0x000000ce09500000,0x000000ce09600000] [id=4384]
  0x0000021af95e1000 ConcurrentGCThread "G1 Young RemSet Sampling" [stack: 0x000000ce09600000,0x000000ce09700000] [id=3708]

Threads with active compile tasks:
C2 CompilerThread1  49862 6851 %     4       org.gradle.internal.instantiation.generator.AbstractClassGenerator::inspectType @ 107 (560 bytes)

VM state:not at safepoint (normal execution)

VM Mutex/Monitor currently owned by a thread: None

Heap address: 0x0000000080000000, size: 2048 MB, Compressed Oops mode: 32-bit
Narrow klass base: 0x0000000000000000, Narrow klass shift: 3
Compressed class space size: 1073741824 Address: 0x0000000100000000

Heap:
 garbage-first heap   total 129024K, used 82049K [0x0000000080000000, 0x0000000100000000)
  region size 1024K, 31 young (31744K), 4 survivors (4096K)
 Metaspace       used 74571K, capacity 76316K, committed 76492K, reserved 1116160K
  class space    used 9706K, capacity 10333K, committed 10444K, reserved 1048576K
Heap Regions: E=young(eden), S=young(survivor), O=old, HS=humongous(starts), HC=humongous(continues), CS=collection set, F=free, A=archive, TAMS=top-at-mark-start (previous, next)
|   0|0x0000000080000000, 0x0000000080100000, 0x0000000080100000|100%| O|  |TAMS 0x0000000080100000, 0x0000000080000000| Untracked 
|   1|0x0000000080100000, 0x0000000080200000, 0x0000000080200000|100%| O|  |TAMS 0x0000000080200000, 0x0000000080100000| Untracked 
|   2|0x0000000080200000, 0x0000000080300000, 0x0000000080300000|100%| O|  |TAMS 0x0000000080300000, 0x0000000080200000| Untracked 
|   3|0x0000000080300000, 0x0000000080400000, 0x0000000080400000|100%|HS|  |TAMS 0x0000000080400000, 0x0000000080300000| Complete 
|   4|0x0000000080400000, 0x0000000080500000, 0x0000000080500000|100%|HC|  |TAMS 0x0000000080500000, 0x0000000080400000| Complete 
|   5|0x0000000080500000, 0x0000000080600000, 0x0000000080600000|100%|HC|  |TAMS 0x0000000080600000, 0x0000000080500000| Complete 
|   6|0x0000000080600000, 0x0000000080700000, 0x0000000080700000|100%| O|  |TAMS 0x0000000080700000, 0x0000000080600000| Untracked 
|   7|0x0000000080700000, 0x0000000080800000, 0x0000000080800000|100%| O|  |TAMS 0x0000000080800000, 0x0000000080700000| Untracked 
|   8|0x0000000080800000, 0x0000000080900000, 0x0000000080900000|100%| O|  |TAMS 0x0000000080900000, 0x0000000080800000| Untracked 
|   9|0x0000000080900000, 0x0000000080a00000, 0x0000000080a00000|100%| O|  |TAMS 0x0000000080a00000, 0x0000000080900000| Untracked 
|  10|0x0000000080a00000, 0x0000000080b00000, 0x0000000080b00000|100%| O|  |TAMS 0x0000000080b00000, 0x0000000080a00000| Untracked 
|  11|0x0000000080b00000, 0x0000000080c00000, 0x0000000080c00000|100%| O|  |TAMS 0x0000000080c00000, 0x0000000080b00000| Untracked 
|  12|0x0000000080c00000, 0x0000000080d00000, 0x0000000080d00000|100%| O|  |TAMS 0x0000000080d00000, 0x0000000080c00000| Untracked 
|  13|0x0000000080d00000, 0x0000000080e00000, 0x0000000080e00000|100%| O|  |TAMS 0x0000000080e00000, 0x0000000080d00000| Untracked 
|  14|0x0000000080e00000, 0x0000000080f00000, 0x0000000080f00000|100%| O|  |TAMS 0x0000000080f00000, 0x0000000080e00000| Untracked 
|  15|0x0000000080f00000, 0x0000000081000000, 0x0000000081000000|100%| O|  |TAMS 0x0000000081000000, 0x0000000080f00000| Untracked 
|  16|0x0000000081000000, 0x0000000081100000, 0x0000000081100000|100%| O|  |TAMS 0x0000000081100000, 0x0000000081000000| Untracked 
|  17|0x0000000081100000, 0x0000000081200000, 0x0000000081200000|100%| O|  |TAMS 0x0000000081200000, 0x0000000081100000| Untracked 
|  18|0x0000000081200000, 0x0000000081300000, 0x0000000081300000|100%| O|  |TAMS 0x0000000081300000, 0x0000000081200000| Untracked 
|  19|0x0000000081300000, 0x0000000081400000, 0x0000000081400000|100%| O|  |TAMS 0x0000000081400000, 0x0000000081300000| Untracked 
|  20|0x0000000081400000, 0x0000000081500000, 0x0000000081500000|100%| O|  |TAMS 0x0000000081500000, 0x0000000081400000| Untracked 
|  21|0x0000000081500000, 0x0000000081600000, 0x0000000081600000|100%| O|  |TAMS 0x0000000081600000, 0x0000000081500000| Untracked 
|  22|0x0000000081600000, 0x0000000081700000, 0x0000000081700000|100%| O|  |TAMS 0x0000000081700000, 0x0000000081600000| Untracked 
|  23|0x0000000081700000, 0x0000000081800000, 0x0000000081800000|100%| O|  |TAMS 0x0000000081800000, 0x0000000081700000| Untracked 
|  24|0x0000000081800000, 0x0000000081900000, 0x0000000081900000|100%| O|  |TAMS 0x0000000081900000, 0x0000000081800000| Untracked 
|  25|0x0000000081900000, 0x0000000081a00000, 0x0000000081a00000|100%| O|  |TAMS 0x0000000081a00000, 0x0000000081900000| Untracked 
|  26|0x0000000081a00000, 0x0000000081b00000, 0x0000000081b00000|100%|HS|  |TAMS 0x0000000081b00000, 0x0000000081a00000| Complete 
|  27|0x0000000081b00000, 0x0000000081c00000, 0x0000000081c00000|100%|HS|  |TAMS 0x0000000081c00000, 0x0000000081b00000| Complete 
|  28|0x0000000081c00000, 0x0000000081d00000, 0x0000000081d00000|100%|HS|  |TAMS 0x0000000081d00000, 0x0000000081c00000| Complete 
|  29|0x0000000081d00000, 0x0000000081e00000, 0x0000000081e00000|100%|HC|  |TAMS 0x0000000081e00000, 0x0000000081d00000| Complete 
|  30|0x0000000081e00000, 0x0000000081f00000, 0x0000000081f00000|100%| O|  |TAMS 0x0000000081f00000, 0x0000000081e00000| Untracked 
|  31|0x0000000081f00000, 0x0000000082000000, 0x0000000082000000|100%| O|  |TAMS 0x0000000082000000, 0x0000000081f00000| Untracked 
|  32|0x0000000082000000, 0x0000000082100000, 0x0000000082100000|100%| O|  |TAMS 0x0000000082100000, 0x0000000082000000| Untracked 
|  33|0x0000000082100000, 0x0000000082200000, 0x0000000082200000|100%| O|  |TAMS 0x0000000082200000, 0x0000000082100000| Untracked 
|  34|0x0000000082200000, 0x0000000082300000, 0x0000000082300000|100%| O|  |TAMS 0x0000000082300000, 0x0000000082200000| Untracked 
|  35|0x0000000082300000, 0x0000000082400000, 0x0000000082400000|100%| O|  |TAMS 0x0000000082400000, 0x0000000082300000| Untracked 
|  36|0x0000000082400000, 0x0000000082500000, 0x0000000082500000|100%| O|  |TAMS 0x0000000082500000, 0x0000000082400000| Untracked 
|  37|0x0000000082500000, 0x0000000082600000, 0x0000000082600000|100%| O|  |TAMS 0x0000000082600000, 0x0000000082500000| Untracked 
|  38|0x0000000082600000, 0x0000000082700000, 0x0000000082700000|100%| O|  |TAMS 0x0000000082700000, 0x0000000082600000| Untracked 
|  39|0x0000000082700000, 0x0000000082800000, 0x0000000082800000|100%| O|  |TAMS 0x0000000082800000, 0x0000000082700000| Untracked 
|  40|0x0000000082800000, 0x0000000082900000, 0x0000000082900000|100%| O|  |TAMS 0x00000000828c7200, 0x0000000082800000| Untracked 
|  41|0x0000000082900000, 0x0000000082a00000, 0x0000000082a00000|100%| O|  |TAMS 0x0000000082900000, 0x0000000082900000| Untracked 
|  42|0x0000000082a00000, 0x0000000082b00000, 0x0000000082b00000|100%| O|  |TAMS 0x0000000082a00000, 0x0000000082a00000| Untracked 
|  43|0x0000000082b00000, 0x0000000082c00000, 0x0000000082c00000|100%| O|  |TAMS 0x0000000082b00000, 0x0000000082b00000| Untracked 
|  44|0x0000000082c00000, 0x0000000082d00000, 0x0000000082d00000|100%| O|  |TAMS 0x0000000082c00000, 0x0000000082c00000| Untracked 
|  45|0x0000000082d00000, 0x0000000082e00000, 0x0000000082e00000|100%| O|  |TAMS 0x0000000082d00000, 0x0000000082d00000| Untracked 
|  46|0x0000000082e00000, 0x0000000082f00000, 0x0000000082f00000|100%| O|  |TAMS 0x0000000082e00000, 0x0000000082e00000| Untracked 
|  47|0x0000000082f00000, 0x0000000083000000, 0x0000000083000000|100%| O|  |TAMS 0x0000000082f00000, 0x0000000082f00000| Untracked 
|  48|0x0000000083000000, 0x0000000083100000, 0x0000000083100000|100%| O|  |TAMS 0x0000000083000000, 0x0000000083000000| Untracked 
|  49|0x0000000083100000, 0x0000000083200000, 0x0000000083200000|100%| O|  |TAMS 0x0000000083100000, 0x0000000083100000| Untracked 
|  50|0x0000000083200000, 0x00000000832eca00, 0x0000000083300000| 92%| O|  |TAMS 0x0000000083200000, 0x0000000083200000| Untracked 
|  51|0x0000000083300000, 0x0000000083300000, 0x0000000083400000|  0%| F|  |TAMS 0x0000000083300000, 0x0000000083300000| Untracked 
|  52|0x0000000083400000, 0x0000000083400000, 0x0000000083500000|  0%| F|  |TAMS 0x0000000083400000, 0x0000000083400000| Untracked 
|  53|0x0000000083500000, 0x0000000083500000, 0x0000000083600000|  0%| F|  |TAMS 0x0000000083500000, 0x0000000083500000| Untracked 
|  54|0x0000000083600000, 0x0000000083600000, 0x0000000083700000|  0%| F|  |TAMS 0x0000000083600000, 0x0000000083600000| Untracked 
|  55|0x0000000083700000, 0x0000000083700000, 0x0000000083800000|  0%| F|  |TAMS 0x0000000083700000, 0x0000000083700000| Untracked 
|  56|0x0000000083800000, 0x0000000083800000, 0x0000000083900000|  0%| F|  |TAMS 0x0000000083800000, 0x0000000083800000| Untracked 
|  57|0x0000000083900000, 0x0000000083900000, 0x0000000083a00000|  0%| F|  |TAMS 0x0000000083900000, 0x0000000083900000| Untracked 
|  58|0x0000000083a00000, 0x0000000083a00000, 0x0000000083b00000|  0%| F|  |TAMS 0x0000000083a00000, 0x0000000083a00000| Untracked 
|  59|0x0000000083b00000, 0x0000000083b00000, 0x0000000083c00000|  0%| F|  |TAMS 0x0000000083b00000, 0x0000000083b00000| Untracked 
|  60|0x0000000083c00000, 0x0000000083c00000, 0x0000000083d00000|  0%| F|  |TAMS 0x0000000083c00000, 0x0000000083c00000| Untracked 
|  61|0x0000000083d00000, 0x0000000083d00000, 0x0000000083e00000|  0%| F|  |TAMS 0x0000000083d00000, 0x0000000083d00000| Untracked 
|  62|0x0000000083e00000, 0x0000000083e00000, 0x0000000083f00000|  0%| F|  |TAMS 0x0000000083e00000, 0x0000000083e00000| Untracked 
|  63|0x0000000083f00000, 0x0000000083f00000, 0x0000000084000000|  0%| F|  |TAMS 0x0000000083f00000, 0x0000000083f00000| Untracked 
|  64|0x0000000084000000, 0x0000000084000000, 0x0000000084100000|  0%| F|  |TAMS 0x0000000084000000, 0x0000000084000000| Untracked 
|  65|0x0000000084100000, 0x0000000084100000, 0x0000000084200000|  0%| F|  |TAMS 0x0000000084100000, 0x0000000084100000| Untracked 
|  66|0x0000000084200000, 0x0000000084200000, 0x0000000084300000|  0%| F|  |TAMS 0x0000000084200000, 0x0000000084200000| Untracked 
|  67|0x0000000084300000, 0x0000000084300000, 0x0000000084400000|  0%| F|  |TAMS 0x0000000084300000, 0x0000000084300000| Untracked 
|  68|0x0000000084400000, 0x0000000084400000, 0x0000000084500000|  0%| F|  |TAMS 0x0000000084400000, 0x0000000084400000| Untracked 
|  69|0x0000000084500000, 0x0000000084500000, 0x0000000084600000|  0%| F|  |TAMS 0x0000000084500000, 0x0000000084500000| Untracked 
|  70|0x0000000084600000, 0x0000000084600000, 0x0000000084700000|  0%| F|  |TAMS 0x0000000084600000, 0x0000000084600000| Untracked 
|  71|0x0000000084700000, 0x0000000084700000, 0x0000000084800000|  0%| F|  |TAMS 0x0000000084700000, 0x0000000084700000| Untracked 
|  72|0x0000000084800000, 0x0000000084800000, 0x0000000084900000|  0%| F|  |TAMS 0x0000000084800000, 0x0000000084800000| Untracked 
|  73|0x0000000084900000, 0x0000000084933cd0, 0x0000000084a00000| 20%| S|CS|TAMS 0x0000000084900000, 0x0000000084900000| Complete 
|  74|0x0000000084a00000, 0x0000000084b00000, 0x0000000084b00000|100%| S|CS|TAMS 0x0000000084a00000, 0x0000000084a00000| Complete 
|  75|0x0000000084b00000, 0x0000000084b00000, 0x0000000084c00000|  0%| F|  |TAMS 0x0000000084b00000, 0x0000000084b00000| Untracked 
|  76|0x0000000084c00000, 0x0000000084c00000, 0x0000000084d00000|  0%| F|  |TAMS 0x0000000084c00000, 0x0000000084c00000| Untracked 
|  77|0x0000000084d00000, 0x0000000084d00000, 0x0000000084e00000|  0%| F|  |TAMS 0x0000000084d00000, 0x0000000084d00000| Untracked 
|  78|0x0000000084e00000, 0x0000000084e00000, 0x0000000084f00000|  0%| F|  |TAMS 0x0000000084e00000, 0x0000000084e00000| Untracked 
|  79|0x0000000084f00000, 0x0000000085000000, 0x0000000085000000|100%| S|CS|TAMS 0x0000000084f00000, 0x0000000084f00000| Complete 
|  80|0x0000000085000000, 0x0000000085100000, 0x0000000085100000|100%| S|CS|TAMS 0x0000000085000000, 0x0000000085000000| Complete 
|  81|0x0000000085100000, 0x0000000085100000, 0x0000000085200000|  0%| F|  |TAMS 0x0000000085100000, 0x0000000085100000| Untracked 
|  82|0x0000000085200000, 0x0000000085200000, 0x0000000085300000|  0%| F|  |TAMS 0x0000000085200000, 0x0000000085200000| Untracked 
|  83|0x0000000085300000, 0x0000000085300000, 0x0000000085400000|  0%| F|  |TAMS 0x0000000085300000, 0x0000000085300000| Untracked 
|  84|0x0000000085400000, 0x0000000085400000, 0x0000000085500000|  0%| F|  |TAMS 0x0000000085400000, 0x0000000085400000| Untracked 
|  85|0x0000000085500000, 0x0000000085500000, 0x0000000085600000|  0%| F|  |TAMS 0x0000000085500000, 0x0000000085500000| Untracked 
|  86|0x0000000085600000, 0x0000000085600000, 0x0000000085700000|  0%| F|  |TAMS 0x0000000085600000, 0x0000000085600000| Untracked 
|  87|0x0000000085700000, 0x0000000085700000, 0x0000000085800000|  0%| F|  |TAMS 0x0000000085700000, 0x0000000085700000| Untracked 
|  88|0x0000000085800000, 0x0000000085800000, 0x0000000085900000|  0%| F|  |TAMS 0x0000000085800000, 0x0000000085800000| Untracked 
|  89|0x0000000085900000, 0x0000000085900000, 0x0000000085a00000|  0%| F|  |TAMS 0x0000000085900000, 0x0000000085900000| Untracked 
|  90|0x0000000085a00000, 0x0000000085a00000, 0x0000000085b00000|  0%| F|  |TAMS 0x0000000085a00000, 0x0000000085a00000| Untracked 
|  91|0x0000000085b00000, 0x0000000085b00000, 0x0000000085c00000|  0%| F|  |TAMS 0x0000000085b00000, 0x0000000085b00000| Untracked 
|  92|0x0000000085c00000, 0x0000000085c00000, 0x0000000085d00000|  0%| F|  |TAMS 0x0000000085c00000, 0x0000000085c00000| Untracked 
|  93|0x0000000085d00000, 0x0000000085d00000, 0x0000000085e00000|  0%| F|  |TAMS 0x0000000085d00000, 0x0000000085d00000| Untracked 
|  94|0x0000000085e00000, 0x0000000085e00000, 0x0000000085f00000|  0%| F|  |TAMS 0x0000000085e00000, 0x0000000085e00000| Untracked 
|  95|0x0000000085f00000, 0x0000000085f00000, 0x0000000086000000|  0%| F|  |TAMS 0x0000000085f00000, 0x0000000085f00000| Untracked 
|  96|0x0000000086000000, 0x0000000086000000, 0x0000000086100000|  0%| F|  |TAMS 0x0000000086000000, 0x0000000086000000| Untracked 
|  97|0x0000000086100000, 0x0000000086100000, 0x0000000086200000|  0%| F|  |TAMS 0x0000000086100000, 0x0000000086100000| Untracked 
|  98|0x0000000086200000, 0x0000000086200000, 0x0000000086300000|  0%| F|  |TAMS 0x0000000086200000, 0x0000000086200000| Untracked 
|  99|0x0000000086300000, 0x0000000086400000, 0x0000000086400000|100%| E|  |TAMS 0x0000000086300000, 0x0000000086300000| Complete 
| 100|0x0000000086400000, 0x0000000086500000, 0x0000000086500000|100%| E|CS|TAMS 0x0000000086400000, 0x0000000086400000| Complete 
| 101|0x0000000086500000, 0x0000000086600000, 0x0000000086600000|100%| E|CS|TAMS 0x0000000086500000, 0x0000000086500000| Complete 
| 102|0x0000000086600000, 0x0000000086700000, 0x0000000086700000|100%| E|CS|TAMS 0x0000000086600000, 0x0000000086600000| Complete 
| 103|0x0000000086700000, 0x0000000086800000, 0x0000000086800000|100%| E|CS|TAMS 0x0000000086700000, 0x0000000086700000| Complete 
| 104|0x0000000086800000, 0x0000000086900000, 0x0000000086900000|100%| E|CS|TAMS 0x0000000086800000, 0x0000000086800000| Complete 
| 105|0x0000000086900000, 0x0000000086a00000, 0x0000000086a00000|100%| E|CS|TAMS 0x0000000086900000, 0x0000000086900000| Complete 
| 106|0x0000000086a00000, 0x0000000086b00000, 0x0000000086b00000|100%| E|CS|TAMS 0x0000000086a00000, 0x0000000086a00000| Complete 
| 107|0x0000000086b00000, 0x0000000086c00000, 0x0000000086c00000|100%| E|CS|TAMS 0x0000000086b00000, 0x0000000086b00000| Complete 
| 108|0x0000000086c00000, 0x0000000086d00000, 0x0000000086d00000|100%| E|CS|TAMS 0x0000000086c00000, 0x0000000086c00000| Complete 
| 109|0x0000000086d00000, 0x0000000086e00000, 0x0000000086e00000|100%| E|CS|TAMS 0x0000000086d00000, 0x0000000086d00000| Complete 
| 110|0x0000000086e00000, 0x0000000086f00000, 0x0000000086f00000|100%| E|CS|TAMS 0x0000000086e00000, 0x0000000086e00000| Complete 
| 111|0x0000000086f00000, 0x0000000087000000, 0x0000000087000000|100%| E|CS|TAMS 0x0000000086f00000, 0x0000000086f00000| Complete 
| 112|0x0000000087000000, 0x0000000087100000, 0x0000000087100000|100%| E|CS|TAMS 0x0000000087000000, 0x0000000087000000| Complete 
| 113|0x0000000087100000, 0x0000000087200000, 0x0000000087200000|100%| E|CS|TAMS 0x0000000087100000, 0x0000000087100000| Complete 
| 114|0x0000000087200000, 0x0000000087300000, 0x0000000087300000|100%| E|CS|TAMS 0x0000000087200000, 0x0000000087200000| Complete 
| 115|0x0000000087300000, 0x0000000087400000, 0x0000000087400000|100%| E|CS|TAMS 0x0000000087300000, 0x0000000087300000| Complete 
| 116|0x0000000087400000, 0x0000000087500000, 0x0000000087500000|100%| E|CS|TAMS 0x0000000087400000, 0x0000000087400000| Complete 
| 117|0x0000000087500000, 0x0000000087600000, 0x0000000087600000|100%| E|CS|TAMS 0x0000000087500000, 0x0000000087500000| Complete 
| 118|0x0000000087600000, 0x0000000087700000, 0x0000000087700000|100%| E|CS|TAMS 0x0000000087600000, 0x0000000087600000| Complete 
| 119|0x0000000087700000, 0x0000000087800000, 0x0000000087800000|100%| E|CS|TAMS 0x0000000087700000, 0x0000000087700000| Complete 
| 120|0x0000000087800000, 0x0000000087900000, 0x0000000087900000|100%| E|CS|TAMS 0x0000000087800000, 0x0000000087800000| Complete 
| 121|0x0000000087900000, 0x0000000087a00000, 0x0000000087a00000|100%| E|CS|TAMS 0x0000000087900000, 0x0000000087900000| Complete 
| 122|0x0000000087a00000, 0x0000000087b00000, 0x0000000087b00000|100%| E|CS|TAMS 0x0000000087a00000, 0x0000000087a00000| Complete 
| 123|0x0000000087b00000, 0x0000000087c00000, 0x0000000087c00000|100%| E|CS|TAMS 0x0000000087b00000, 0x0000000087b00000| Complete 
| 124|0x0000000087c00000, 0x0000000087d00000, 0x0000000087d00000|100%| E|CS|TAMS 0x0000000087c00000, 0x0000000087c00000| Complete 
| 125|0x0000000087d00000, 0x0000000087e00000, 0x0000000087e00000|100%| E|CS|TAMS 0x0000000087d00000, 0x0000000087d00000| Complete 

Card table byte_map: [0x0000021af2550000,0x0000021af2950000] _byte_map_base: 0x0000021af2150000

Marking Bits (Prev, Next): (CMBitMap*) 0x0000021adec3dfb0, (CMBitMap*) 0x0000021adec3df78
 Prev Bits: [0x0000021af4d50000, 0x0000021af6d50000)
 Next Bits: [0x0000021af2d50000, 0x0000021af4d50000)

Polling page: 0x0000021add360000

Metaspace:

Usage:
  Non-class:     64.50 MB capacity,    63.43 MB ( 98%) used,   905.13 KB (  1%) free+waste,   185.19 KB ( <1%) overhead. 
      Class:     10.12 MB capacity,     9.49 MB ( 94%) used,   562.99 KB (  5%) free+waste,    86.19 KB ( <1%) overhead. 
       Both:     74.62 MB capacity,    72.92 MB ( 98%) used,     1.43 MB (  2%) free+waste,   271.38 KB ( <1%) overhead. 

Virtual space:
  Non-class space:       66.00 MB reserved,      64.50 MB ( 98%) committed 
      Class space:        1.00 GB reserved,      10.20 MB ( <1%) committed 
             Both:        1.06 GB reserved,      74.70 MB (  7%) committed 

Chunk freelists:
   Non-Class:  1.00 KB
       Class:  3.00 KB
        Both:  4.00 KB

MaxMetaspaceSize: 17179869184.00 GB
CompressedClassSpaceSize: 1.00 GB

CodeHeap 'non-profiled nmethods': size=120000Kb used=4359Kb max_used=4359Kb free=115640Kb
 bounds [0x0000021aea1c0000, 0x0000021aea610000, 0x0000021af16f0000]
CodeHeap 'profiled nmethods': size=120000Kb used=14979Kb max_used=14979Kb free=105020Kb
 bounds [0x0000021ae2c90000, 0x0000021ae3b40000, 0x0000021aea1c0000]
CodeHeap 'non-nmethods': size=5760Kb used=2269Kb max_used=2321Kb free=3490Kb
 bounds [0x0000021ae26f0000, 0x0000021ae2960000, 0x0000021ae2c90000]
 total_blobs=7917 nmethods=7053 adapters=775
 compilation: enabled
              stopped_count=0, restarted_count=0
 full_count=0

Compilation events (20 events):
Event: 49.794 Thread 0x0000021afa11a000 7064       4       sun.reflect.generics.parser.SignatureParser::parseTypeSignature (130 bytes)
Event: 49.795 Thread 0x0000021afa120800 nmethod 7063 0x0000021ae3b23910 code [0x0000021ae3b23bc0, 0x0000021ae3b24658]
Event: 49.795 Thread 0x0000021afa120800 7065       3       com.sun.xml.bind.v2.model.impl.ModelBuilder::getTypeInfo (116 bytes)
Event: 49.796 Thread 0x0000021afa120800 nmethod 7065 0x0000021ae3b24a10 code [0x0000021ae3b24cc0, 0x0000021ae3b25d18]
Event: 49.796 Thread 0x0000021afa120800 7066       3       com.sun.xml.bind.v2.model.impl.RuntimeTypeInfoSetImpl::getTypeInfo (9 bytes)
Event: 49.796 Thread 0x0000021afa120800 nmethod 7066 0x0000021ae3b26190 code [0x0000021ae3b26360, 0x0000021ae3b266e8]
Event: 49.796 Thread 0x0000021afa120800 7068       3       com.sun.xml.bind.v2.model.impl.FieldPropertySeed::getName (17 bytes)
Event: 49.796 Thread 0x0000021afa120800 nmethod 7068 0x0000021ae3b26810 code [0x0000021ae3b269e0, 0x0000021ae3b26d58]
Event: 49.796 Thread 0x0000021afa120800 7069       3       com.sun.xml.bind.v2.model.nav.ReflectionNavigator::getFieldName (9 bytes)
Event: 49.797 Thread 0x0000021afa120800 nmethod 7069 0x0000021ae3b26f10 code [0x0000021ae3b270e0, 0x0000021ae3b27338]
Event: 49.797 Thread 0x0000021afa120800 7070       3       com.sun.xml.bind.v2.model.nav.ReflectionNavigator::getFieldName (5 bytes)
Event: 49.797 Thread 0x0000021afa120800 nmethod 7070 0x0000021ae3b27410 code [0x0000021ae3b275c0, 0x0000021ae3b276d8]
Event: 49.797 Thread 0x0000021afa120800 7071       3       com.sun.xml.bind.v2.model.nav.ReflectionNavigator::erasure (9 bytes)
Event: 49.797 Thread 0x0000021afa120800 nmethod 7071 0x0000021ae3b27790 code [0x0000021ae3b27960, 0x0000021ae3b27ce8]
Event: 49.804 Thread 0x0000021afa120800 7072   !   3       java.util.logging.LogManager::ensureLogManagerInitialized (144 bytes)
Event: 49.804 Thread 0x0000021afa120800 nmethod 7072 0x0000021ae3b27e10 code [0x0000021ae3b280c0, 0x0000021ae3b28d98]
Event: 49.809 Thread 0x0000021afa11a000 nmethod 7064 0x0000021aea5fa990 code [0x0000021aea5fabe0, 0x0000021aea5fb4c0]
Event: 49.810 Thread 0x0000021afa11a000 7067       4       java.util.HashMap::<init> (11 bytes)
Event: 49.810 Thread 0x0000021afa11a000 nmethod 7067 0x0000021aea5fbc90 code [0x0000021aea5fbe20, 0x0000021aea5fbe98]
Event: 49.823 Thread 0x0000021afdb94800 nmethod 6967 0x0000021aea5fbf10 code [0x0000021aea5fc2e0, 0x0000021aea5fe708]

GC Heap History (20 events):
Event: 20.862 GC heap before
{Heap before GC invocations=6 (full 0):
 garbage-first heap   total 129024K, used 74759K [0x0000000080000000, 0x0000000100000000)
  region size 1024K, 58 young (59392K), 3 survivors (3072K)
 Metaspace       used 34423K, capacity 35222K, committed 35328K, reserved 1079296K
  class space    used 4468K, capacity 4768K, committed 4864K, reserved 1048576K
}
Event: 20.868 GC heap after
{Heap after GC invocations=7 (full 0):
 garbage-first heap   total 129024K, used 22015K [0x0000000080000000, 0x0000000100000000)
  region size 1024K, 6 young (6144K), 6 survivors (6144K)
 Metaspace       used 34423K, capacity 35222K, committed 35328K, reserved 1079296K
  class space    used 4468K, capacity 4768K, committed 4864K, reserved 1048576K
}
Event: 20.940 GC heap before
{Heap before GC invocations=7 (full 0):
 garbage-first heap   total 129024K, used 25087K [0x0000000080000000, 0x0000000100000000)
  region size 1024K, 10 young (10240K), 6 survivors (6144K)
 Metaspace       used 35043K, capacity 35830K, committed 35840K, reserved 1081344K
  class space    used 4538K, capacity 4864K, committed 4864K, reserved 1048576K
}
Event: 20.951 GC heap after
{Heap after GC invocations=8 (full 0):
 garbage-first heap   total 129024K, used 22297K [0x0000000080000000, 0x0000000100000000)
  region size 1024K, 4 young (4096K), 4 survivors (4096K)
 Metaspace       used 35043K, capacity 35830K, committed 35840K, reserved 1081344K
  class space    used 4538K, capacity 4864K, committed 4864K, reserved 1048576K
}
Event: 21.657 GC heap before
{Heap before GC invocations=9 (full 0):
 garbage-first heap   total 129024K, used 72473K [0x0000000080000000, 0x0000000100000000)
  region size 1024K, 51 young (52224K), 4 survivors (4096K)
 Metaspace       used 38638K, capacity 39567K, committed 39884K, reserved 1083392K
  class space    used 4922K, capacity 5251K, committed 5324K, reserved 1048576K
}
Event: 21.666 GC heap after
{Heap after GC invocations=10 (full 0):
 garbage-first heap   total 129024K, used 26067K [0x0000000080000000, 0x0000000100000000)
  region size 1024K, 7 young (7168K), 7 survivors (7168K)
 Metaspace       used 38638K, capacity 39567K, committed 39884K, reserved 1083392K
  class space    used 4922K, capacity 5251K, committed 5324K, reserved 1048576K
}
Event: 22.387 GC heap before
{Heap before GC invocations=10 (full 0):
 garbage-first heap   total 129024K, used 76243K [0x0000000080000000, 0x0000000100000000)
  region size 1024K, 56 young (57344K), 7 survivors (7168K)
 Metaspace       used 43074K, capacity 44155K, committed 44364K, reserved 1087488K
  class space    used 5495K, capacity 5856K, committed 5964K, reserved 1048576K
}
Event: 22.397 GC heap after
{Heap after GC invocations=11 (full 0):
 garbage-first heap   total 129024K, used 28346K [0x0000000080000000, 0x0000000100000000)
  region size 1024K, 6 young (6144K), 6 survivors (6144K)
 Metaspace       used 43074K, capacity 44155K, committed 44364K, reserved 1087488K
  class space    used 5495K, capacity 5856K, committed 5964K, reserved 1048576K
}
Event: 23.204 GC heap before
{Heap before GC invocations=11 (full 0):
 garbage-first heap   total 129024K, used 80570K [0x0000000080000000, 0x0000000100000000)
  region size 1024K, 57 young (58368K), 6 survivors (6144K)
 Metaspace       used 46631K, capacity 47867K, committed 47948K, reserved 1091584K
  class space    used 5977K, capacity 6433K, committed 6476K, reserved 1048576K
}
Event: 23.212 GC heap after
{Heap after GC invocations=12 (full 0):
 garbage-first heap   total 129024K, used 30768K [0x0000000080000000, 0x0000000100000000)
  region size 1024K, 5 young (5120K), 5 survivors (5120K)
 Metaspace       used 46631K, capacity 47867K, committed 47948K, reserved 1091584K
  class space    used 5977K, capacity 6433K, committed 6476K, reserved 1048576K
}
Event: 44.504 GC heap before
{Heap before GC invocations=12 (full 0):
 garbage-first heap   total 129024K, used 87088K [0x0000000080000000, 0x0000000100000000)
  region size 1024K, 57 young (58368K), 5 survivors (5120K)
 Metaspace       used 50798K, capacity 52214K, committed 52300K, reserved 1095680K
  class space    used 6481K, capacity 6948K, committed 6988K, reserved 1048576K
}
Event: 44.515 GC heap after
{Heap after GC invocations=13 (full 0):
 garbage-first heap   total 129024K, used 41366K [0x0000000080000000, 0x0000000100000000)
  region size 1024K, 8 young (8192K), 8 survivors (8192K)
 Metaspace       used 50798K, capacity 52214K, committed 52300K, reserved 1095680K
  class space    used 6481K, capacity 6948K, committed 6988K, reserved 1048576K
}
Event: 46.125 GC heap before
{Heap before GC invocations=13 (full 0):
 garbage-first heap   total 129024K, used 88470K [0x0000000080000000, 0x0000000100000000)
  region size 1024K, 55 young (56320K), 8 survivors (8192K)
 Metaspace       used 58654K, capacity 60112K, committed 60236K, reserved 1101824K
  class space    used 7403K, capacity 7936K, committed 8012K, reserved 1048576K
}
Event: 46.149 GC heap after
{Heap after GC invocations=14 (full 0):
 garbage-first heap   total 129024K, used 44415K [0x0000000080000000, 0x0000000100000000)
  region size 1024K, 3 young (3072K), 3 survivors (3072K)
 Metaspace       used 58654K, capacity 60112K, committed 60236K, reserved 1101824K
  class space    used 7403K, capacity 7936K, committed 8012K, reserved 1048576K
}
Event: 47.497 GC heap before
{Heap before GC invocations=15 (full 0):
 garbage-first heap   total 129024K, used 92543K [0x0000000080000000, 0x0000000100000000)
  region size 1024K, 51 young (52224K), 3 survivors (3072K)
 Metaspace       used 63465K, capacity 64957K, committed 65228K, reserved 1105920K
  class space    used 8012K, capacity 8581K, committed 8652K, reserved 1048576K
}
Event: 47.504 GC heap after
{Heap after GC invocations=16 (full 0):
 garbage-first heap   total 129024K, used 48385K [0x0000000080000000, 0x0000000100000000)
  region size 1024K, 7 young (7168K), 7 survivors (7168K)
 Metaspace       used 63465K, capacity 64957K, committed 65228K, reserved 1105920K
  class space    used 8012K, capacity 8581K, committed 8652K, reserved 1048576K
}
Event: 48.701 GC heap before
{Heap before GC invocations=16 (full 0):
 garbage-first heap   total 129024K, used 97537K [0x0000000080000000, 0x0000000100000000)
  region size 1024K, 54 young (55296K), 7 survivors (7168K)
 Metaspace       used 66528K, capacity 68123K, committed 68172K, reserved 1107968K
  class space    used 8440K, capacity 9012K, committed 9036K, reserved 1048576K
}
Event: 48.710 GC heap after
{Heap after GC invocations=17 (full 0):
 garbage-first heap   total 129024K, used 52669K [0x0000000080000000, 0x0000000100000000)
  region size 1024K, 5 young (5120K), 5 survivors (5120K)
 Metaspace       used 66528K, capacity 68123K, committed 68172K, reserved 1107968K
  class space    used 8440K, capacity 9012K, committed 9036K, reserved 1048576K
}
Event: 49.441 GC heap before
{Heap before GC invocations=17 (full 0):
 garbage-first heap   total 129024K, used 98749K [0x0000000080000000, 0x0000000100000000)
  region size 1024K, 50 young (51200K), 5 survivors (5120K)
 Metaspace       used 71363K, capacity 73100K, committed 73420K, reserved 1112064K
  class space    used 9218K, capacity 9848K, committed 9932K, reserved 1048576K
}
Event: 49.448 GC heap after
{Heap after GC invocations=18 (full 0):
 garbage-first heap   total 129024K, used 55425K [0x0000000080000000, 0x0000000100000000)
  region size 1024K, 4 young (4096K), 4 survivors (4096K)
 Metaspace       used 71363K, capacity 73100K, committed 73420K, reserved 1112064K
  class space    used 9218K, capacity 9848K, committed 9932K, reserved 1048576K
}

Deoptimization events (20 events):
Event: 49.384 Thread 0x0000021afc689800 DEOPT PACKING pc=0x0000021aea46a768 sp=0x000000ce0aafa130
Event: 49.384 Thread 0x0000021afc689800 DEOPT UNPACKING pc=0x0000021ae27178af sp=0x000000ce0aafa0b8 mode 2
Event: 49.430 Thread 0x0000021afc689800 DEOPT PACKING pc=0x0000021ae3825a73 sp=0x000000ce0aaf9f70
Event: 49.430 Thread 0x0000021afc689800 DEOPT UNPACKING pc=0x0000021ae27176ce sp=0x000000ce0aaf9510 mode 0
Event: 49.553 Thread 0x0000021afc689800 Uncommon trap: trap_request=0xffffff4d fr.pc=0x0000021aea468e10 relative=0x0000000000001b70
Event: 49.553 Thread 0x0000021afc689800 Uncommon trap: reason=unstable_if action=reinterpret pc=0x0000021aea468e10 method=sun.nio.fs.WindowsPathParser.normalize(Ljava/lang/StringBuilder;Ljava/lang/String;I)Ljava/lang/String; @ 172 c2
Event: 49.553 Thread 0x0000021afc689800 DEOPT PACKING pc=0x0000021aea468e10 sp=0x000000ce0aaf9f40
Event: 49.553 Thread 0x0000021afc689800 DEOPT UNPACKING pc=0x0000021ae27178af sp=0x000000ce0aaf9f30 mode 2
Event: 49.582 Thread 0x0000021afc689800 Uncommon trap: trap_request=0xffffff4d fr.pc=0x0000021aea35de38 relative=0x0000000000000838
Event: 49.582 Thread 0x0000021afc689800 Uncommon trap: reason=unstable_if action=reinterpret pc=0x0000021aea35de38 method=java.util.jar.JarFile.getVersionedEntry(Ljava/lang/String;Ljava/util/jar/JarEntry;)Ljava/util/jar/JarEntry; @ 67 c2
Event: 49.582 Thread 0x0000021afc689800 DEOPT PACKING pc=0x0000021aea35de38 sp=0x000000ce0aaf8290
Event: 49.582 Thread 0x0000021afc689800 DEOPT UNPACKING pc=0x0000021ae27178af sp=0x000000ce0aaf8278 mode 2
Event: 49.593 Thread 0x0000021afc689800 Uncommon trap: trap_request=0xffffff4d fr.pc=0x0000021aea5ab508 relative=0x00000000000001a8
Event: 49.593 Thread 0x0000021afc689800 Uncommon trap: reason=unstable_if action=reinterpret pc=0x0000021aea5ab508 method=java.util.StringTokenizer.scanToken(I)I @ 42 c2
Event: 49.593 Thread 0x0000021afc689800 DEOPT PACKING pc=0x0000021aea5ab508 sp=0x000000ce0aaf9ea0
Event: 49.593 Thread 0x0000021afc689800 DEOPT UNPACKING pc=0x0000021ae27178af sp=0x000000ce0aaf9e30 mode 2
Event: 49.739 Thread 0x0000021afc689800 Uncommon trap: trap_request=0xfffffff4 fr.pc=0x0000021aea5f23c8 relative=0x0000000000000768
Event: 49.739 Thread 0x0000021afc689800 Uncommon trap: reason=null_check action=make_not_entrant pc=0x0000021aea5f23c8 method=java.lang.Class.createAnnotationData(I)Ljava/lang/Class$AnnotationData; @ 14 c2
Event: 49.739 Thread 0x0000021afc689800 DEOPT PACKING pc=0x0000021aea5f23c8 sp=0x000000ce0aaf7490
Event: 49.739 Thread 0x0000021afc689800 DEOPT UNPACKING pc=0x0000021ae27178af sp=0x000000ce0aaf73d0 mode 2

Classes redefined (0 events):
No events

Internal exceptions (20 events):
Event: 48.145 Thread 0x0000021afc689800 Exception <a 'java/lang/ClassNotFoundException'{0x0000000086276c00}: build_3dwg7ay4z9hal7r50jwgu0yl9$_run_closure1$_closure4Customizer> (0x0000000086276c00) thrown at [./src/hotspot/share/classfile/systemDictionary.cpp, line 231]
Event: 48.152 Thread 0x0000021afc689800 Exception <a 'java/lang/ClassNotFoundException'{0x000000008629fbe0}: build_3dwg7ay4z9hal7r50jwgu0yl9$_run_closure1BeanInfo> (0x000000008629fbe0) thrown at [./src/hotspot/share/classfile/systemDictionary.cpp, line 231]
Event: 48.153 Thread 0x0000021afc689800 Exception <a 'java/lang/ClassNotFoundException'{0x00000000862af9f0}: build_3dwg7ay4z9hal7r50jwgu0yl9$_run_closure1Customizer> (0x00000000862af9f0) thrown at [./src/hotspot/share/classfile/systemDictionary.cpp, line 231]
Event: 48.168 Thread 0x0000021afc689800 Exception <a 'java/lang/ClassNotFoundException'{0x000000008610d6e0}: org/gradle/api/JavaVersionBeanInfo> (0x000000008610d6e0) thrown at [./src/hotspot/share/classfile/systemDictionary.cpp, line 231]
Event: 48.169 Thread 0x0000021afc689800 Exception <a 'java/lang/ClassNotFoundException'{0x0000000086137988}: org/gradle/api/JavaVersionCustomizer> (0x0000000086137988) thrown at [./src/hotspot/share/classfile/systemDictionary.cpp, line 231]
Event: 48.174 Thread 0x0000021afc689800 Exception <a 'java/lang/ClassNotFoundException'{0x000000008618c860}: com/android/build/gradle/internal/CompileOptions_DecoratedBeanInfo> (0x000000008618c860) thrown at [./src/hotspot/share/classfile/systemDictionary.cpp, line 231]
Event: 48.174 Thread 0x0000021afc689800 Exception <a 'java/lang/ClassNotFoundException'{0x00000000861a3cb8}: com/android/build/gradle/internal/CompileOptionsBeanInfo> (0x00000000861a3cb8) thrown at [./src/hotspot/share/classfile/systemDictionary.cpp, line 231]
Event: 48.175 Thread 0x0000021afc689800 Exception <a 'java/lang/ClassNotFoundException'{0x00000000861bb8a0}: com/android/build/gradle/internal/CompileOptionsCustomizer> (0x00000000861bb8a0) thrown at [./src/hotspot/share/classfile/systemDictionary.cpp, line 231]
Event: 48.177 Thread 0x0000021afc689800 Exception <a 'java/lang/ClassNotFoundException'{0x00000000861dfe70}: com/android/build/gradle/internal/CompileOptions_DecoratedCustomizer> (0x00000000861dfe70) thrown at [./src/hotspot/share/classfile/systemDictionary.cpp, line 231]
Event: 49.166 Thread 0x0000021afc689800 Exception <a 'java/lang/ClassNotFoundException'{0x000000008644ce78}: com/android/build/gradle/internal/api/ApkVariantOutputImpl_DecoratedBeanInfo> (0x000000008644ce78) thrown at [./src/hotspot/share/classfile/systemDictionary.cpp, line 231]
Event: 49.167 Thread 0x0000021afc689800 Exception <a 'java/lang/ClassNotFoundException'{0x0000000086466898}: com/android/build/gradle/internal/api/ApkVariantOutputImplBeanInfo> (0x0000000086466898) thrown at [./src/hotspot/share/classfile/systemDictionary.cpp, line 231]
Event: 49.167 Thread 0x0000021afc689800 Exception <a 'java/lang/ClassNotFoundException'{0x0000000086480cb8}: com/android/build/gradle/internal/api/BaseVariantOutputImplBeanInfo> (0x0000000086480cb8) thrown at [./src/hotspot/share/classfile/systemDictionary.cpp, line 231]
Event: 49.167 Thread 0x0000021afc689800 Exception <a 'java/lang/ClassNotFoundException'{0x000000008649aef0}: com/android/build/gradle/internal/api/BaseVariantOutputImplCustomizer> (0x000000008649aef0) thrown at [./src/hotspot/share/classfile/systemDictionary.cpp, line 231]
Event: 49.168 Thread 0x0000021afc689800 Exception <a 'java/lang/ClassNotFoundException'{0x00000000864c77c0}: com/android/build/gradle/internal/api/ApkVariantOutputImplCustomizer> (0x00000000864c77c0) thrown at [./src/hotspot/share/classfile/systemDictionary.cpp, line 231]
Event: 49.169 Thread 0x0000021afc689800 Exception <a 'java/lang/ClassNotFoundException'{0x00000000864f0498}: com/android/build/gradle/internal/api/ApkVariantOutputImpl_DecoratedCustomizer> (0x00000000864f0498) thrown at [./src/hotspot/share/classfile/systemDictionary.cpp, line 231]
Event: 49.180 Thread 0x0000021afc689800 Exception <a 'java/lang/NoClassDefFoundError'{0x0000000086257de8}: org/jetbrains/kotlin/gradle/plugin/KotlinBasePluginWrapper> (0x0000000086257de8) thrown at [./src/hotspot/share/classfile/systemDictionary.cpp, line 220]
Event: 49.510 Thread 0x0000021afc689800 Exception <a 'sun/nio/fs/WindowsException'{0x0000000087a60d00}> (0x0000000087a60d00) thrown at [./src/hotspot/share/prims/jni.cpp, line 615]
Event: 49.511 Thread 0x0000021afc689800 Exception <a 'sun/nio/fs/WindowsException'{0x0000000087a612c8}> (0x0000000087a612c8) thrown at [./src/hotspot/share/prims/jni.cpp, line 615]
Event: 49.629 Thread 0x0000021afc689800 Exception <a 'java/lang/NullPointerException'{0x00000000872f34f0}> (0x00000000872f34f0) thrown at [./src/hotspot/share/interpreter/linkResolver.cpp, line 1440]
Event: 49.739 Thread 0x0000021afc689800 Implicit null exception at 0x0000021aea5f1d0d to 0x0000021aea5f23bc

Events (20 events):
Event: 49.821 loading class com/sun/xml/bind/v2/runtime/reflect/Lister$ArrayLister
Event: 49.821 loading class com/sun/xml/bind/v2/runtime/reflect/Lister$ArrayLister done
Event: 49.822 loading class com/sun/xml/bind/v2/runtime/reflect/PrimitiveArrayListerBoolean
Event: 49.822 loading class com/sun/xml/bind/v2/runtime/reflect/PrimitiveArrayListerBoolean done
Event: 49.822 loading class com/sun/xml/bind/v2/runtime/reflect/PrimitiveArrayListerByte
Event: 49.822 loading class com/sun/xml/bind/v2/runtime/reflect/PrimitiveArrayListerByte done
Event: 49.822 loading class com/sun/xml/bind/v2/runtime/reflect/PrimitiveArrayListerCharacter
Event: 49.822 loading class com/sun/xml/bind/v2/runtime/reflect/PrimitiveArrayListerCharacter done
Event: 49.823 loading class com/sun/xml/bind/v2/runtime/reflect/PrimitiveArrayListerDouble
Event: 49.823 loading class com/sun/xml/bind/v2/runtime/reflect/PrimitiveArrayListerDouble done
Event: 49.823 loading class com/sun/xml/bind/v2/runtime/reflect/PrimitiveArrayListerFloat
Event: 49.823 loading class com/sun/xml/bind/v2/runtime/reflect/PrimitiveArrayListerFloat done
Event: 49.824 loading class com/sun/xml/bind/v2/runtime/reflect/PrimitiveArrayListerInteger
Event: 49.824 loading class com/sun/xml/bind/v2/runtime/reflect/PrimitiveArrayListerInteger done
Event: 49.824 loading class com/sun/xml/bind/v2/runtime/reflect/PrimitiveArrayListerLong
Event: 49.824 loading class com/sun/xml/bind/v2/runtime/reflect/PrimitiveArrayListerLong done
Event: 49.825 loading class com/sun/xml/bind/v2/runtime/reflect/PrimitiveArrayListerShort
Event: 49.825 loading class com/sun/xml/bind/v2/runtime/reflect/PrimitiveArrayListerShort done
Event: 49.825 loading class com/sun/xml/bind/v2/runtime/reflect/Lister$2
Event: 49.825 loading class com/sun/xml/bind/v2/runtime/reflect/Lister$2 done


Dynamic libraries:
0x00007ff7ae2c0000 - 0x00007ff7ae2ca000 	C:\Program Files\Android\Android Studio\jre\bin\java.exe
0x00007ff85f390000 - 0x00007ff85f585000 	C:\WINDOWS\SYSTEM32\ntdll.dll
0x00007ff85f0b0000 - 0x00007ff85f16d000 	C:\WINDOWS\System32\KERNEL32.DLL
0x00007ff85cdb0000 - 0x00007ff85d079000 	C:\WINDOWS\System32\KERNELBASE.dll
0x00007ff85ccb0000 - 0x00007ff85cdb0000 	C:\WINDOWS\System32\ucrtbase.dll
0x00007ff8430e0000 - 0x00007ff8430f9000 	C:\Program Files\Android\Android Studio\jre\bin\jli.dll
0x00007ff85d900000 - 0x00007ff85daa0000 	C:\WINDOWS\System32\USER32.dll
0x00007ff85d210000 - 0x00007ff85d232000 	C:\WINDOWS\System32\win32u.dll
0x00007ff84b1f0000 - 0x00007ff84b48a000 	C:\WINDOWS\WinSxS\amd64_microsoft.windows.common-controls_6595b64144ccf1df_6.0.19041.1083_none_60bbe31371f34e71\COMCTL32.dll
0x00007ff85e8a0000 - 0x00007ff85e8ca000 	C:\WINDOWS\System32\GDI32.dll
0x00007ff85daa0000 - 0x00007ff85db3e000 	C:\WINDOWS\System32\msvcrt.dll
0x00007ff85cba0000 - 0x00007ff85ccab000 	C:\WINDOWS\System32\gdi32full.dll
0x00007ff83f220000 - 0x00007ff83f237000 	C:\Program Files\Android\Android Studio\jre\bin\VCRUNTIME140.dll
0x00007ff85caa0000 - 0x00007ff85cb3d000 	C:\WINDOWS\System32\msvcp_win.dll
0x00007ff85d8c0000 - 0x00007ff85d8f0000 	C:\WINDOWS\System32\IMM32.DLL
0x00007ff829ae0000 - 0x00007ff829b7d000 	C:\Program Files\Android\Android Studio\jre\bin\msvcp140.dll
0x00007ff81f970000 - 0x00007ff82043f000 	C:\Program Files\Android\Android Studio\jre\bin\server\jvm.dll
0x00007ff85d6d0000 - 0x00007ff85d77c000 	C:\WINDOWS\System32\ADVAPI32.dll
0x00007ff85d630000 - 0x00007ff85d6cb000 	C:\WINDOWS\System32\sechost.dll
0x00007ff85ea70000 - 0x00007ff85eb9a000 	C:\WINDOWS\System32\RPCRT4.dll
0x00007ff85f230000 - 0x00007ff85f238000 	C:\WINDOWS\System32\PSAPI.DLL
0x00007ff84b810000 - 0x00007ff84b837000 	C:\WINDOWS\SYSTEM32\WINMM.dll
0x00007ff856730000 - 0x00007ff85673a000 	C:\WINDOWS\SYSTEM32\VERSION.dll
0x00007ff83e470000 - 0x00007ff83e479000 	C:\WINDOWS\SYSTEM32\WSOCK32.dll
0x00007ff85f040000 - 0x00007ff85f0ab000 	C:\WINDOWS\System32\WS2_32.dll
0x00007ff85b360000 - 0x00007ff85b372000 	C:\WINDOWS\SYSTEM32\kernel.appcore.dll
0x00007ff8461f0000 - 0x00007ff846201000 	C:\Program Files\Android\Android Studio\jre\bin\verify.dll
0x00007ff85a780000 - 0x00007ff85a964000 	C:\WINDOWS\SYSTEM32\DBGHELP.DLL
0x00007ff849c80000 - 0x00007ff849cac000 	C:\WINDOWS\SYSTEM32\dbgcore.DLL
0x00007ff85d130000 - 0x00007ff85d1b3000 	C:\WINDOWS\System32\bcryptPrimitives.dll
0x00007ff843b00000 - 0x00007ff843b29000 	C:\Program Files\Android\Android Studio\jre\bin\java.dll
0x00007ff8559e0000 - 0x00007ff8559eb000 	C:\Program Files\Android\Android Studio\jre\bin\jimage.dll
0x00007ff843c00000 - 0x00007ff843c18000 	C:\Program Files\Android\Android Studio\jre\bin\zip.dll
0x00007ff85db40000 - 0x00007ff85e27f000 	C:\WINDOWS\System32\SHELL32.dll
0x00007ff85abb0000 - 0x00007ff85b341000 	C:\WINDOWS\SYSTEM32\windows.storage.dll
0x00007ff85ece0000 - 0x00007ff85f035000 	C:\WINDOWS\System32\combase.dll
0x00007ff85c510000 - 0x00007ff85c53c000 	C:\WINDOWS\SYSTEM32\Wldp.dll
0x00007ff85e8d0000 - 0x00007ff85e97e000 	C:\WINDOWS\System32\SHCORE.dll
0x00007ff85d5d0000 - 0x00007ff85d625000 	C:\WINDOWS\System32\shlwapi.dll
0x00007ff85c9e0000 - 0x00007ff85c9ff000 	C:\WINDOWS\SYSTEM32\profapi.dll
0x00007ff843ae0000 - 0x00007ff843afa000 	C:\Program Files\Android\Android Studio\jre\bin\net.dll
0x00007ff855400000 - 0x00007ff85550a000 	C:\WINDOWS\SYSTEM32\WINHTTP.dll
0x00007ff85c270000 - 0x00007ff85c2da000 	C:\WINDOWS\system32\mswsock.dll
0x00007ff842ee0000 - 0x00007ff842ef4000 	C:\Program Files\Android\Android Studio\jre\bin\nio.dll
0x00007ff8429f0000 - 0x00007ff842a17000 	C:\Users\sibay\.gradle\native\8bec1ad78214c89d9ad589b4d07fe93259594b29d510b10fafb7a158f7737e5d\windows-amd64\native-platform.dll
0x00007ff81e310000 - 0x00007ff81e44d000 	C:\Users\sibay\.gradle\native\53dbd7edfb1c66fb8903c78663c9afc45aea4f116125fa6feffd364cf09443e8\windows-amd64\native-platform-file-events.dll
0x00007ff8558d0000 - 0x00007ff8558da000 	C:\Program Files\Android\Android Studio\jre\bin\management.dll
0x00007ff849c30000 - 0x00007ff849c3c000 	C:\Program Files\Android\Android Studio\jre\bin\management_ext.dll
0x00007ff85c450000 - 0x00007ff85c468000 	C:\WINDOWS\SYSTEM32\CRYPTSP.dll
0x00007ff85bba0000 - 0x00007ff85bbd4000 	C:\WINDOWS\system32\rsaenh.dll
0x00007ff85d240000 - 0x00007ff85d267000 	C:\WINDOWS\System32\bcrypt.dll
0x00007ff85c960000 - 0x00007ff85c98e000 	C:\WINDOWS\SYSTEM32\USERENV.dll
0x00007ff85c470000 - 0x00007ff85c47c000 	C:\WINDOWS\SYSTEM32\CRYPTBASE.dll
0x00007ff85bf10000 - 0x00007ff85bf4b000 	C:\WINDOWS\SYSTEM32\IPHLPAPI.DLL
0x00007ff85eba0000 - 0x00007ff85eba8000 	C:\WINDOWS\System32\NSI.dll
0x00007ff8546b0000 - 0x00007ff8546c7000 	C:\WINDOWS\SYSTEM32\dhcpcsvc6.DLL
0x00007ff854a30000 - 0x00007ff854a4d000 	C:\WINDOWS\SYSTEM32\dhcpcsvc.DLL
0x00007ff85bf50000 - 0x00007ff85c01c000 	C:\WINDOWS\SYSTEM32\DNSAPI.dll

dbghelp: loaded successfully - version: 4.0.5 - missing functions: none
symbol engine: initialized successfully - sym options: 0x614 - pdb path: .;C:\Program Files\Android\Android Studio\jre\bin;C:\WINDOWS\SYSTEM32;C:\WINDOWS\WinSxS\amd64_microsoft.windows.common-controls_6595b64144ccf1df_6.0.19041.1083_none_60bbe31371f34e71;C:\Program Files\Android\Android Studio\jre\bin\server;C:\Users\sibay\.gradle\native\8bec1ad78214c89d9ad589b4d07fe93259594b29d510b10fafb7a158f7737e5d\windows-amd64;C:\Users\sibay\.gradle\native\53dbd7edfb1c66fb8903c78663c9afc45aea4f116125fa6feffd364cf09443e8\windows-amd64

VM Arguments:
jvm_args: --add-opens=java.base/java.util=ALL-UNNAMED --add-opens=java.base/java.lang=ALL-UNNAMED --add-opens=java.base/java.lang.invoke=ALL-UNNAMED --add-opens=java.base/java.util=ALL-UNNAMED --add-opens=java.prefs/java.util.prefs=ALL-UNNAMED --add-opens=java.prefs/java.util.prefs=ALL-UNNAMED --add-opens=java.base/java.nio.charset=ALL-UNNAMED --add-opens=java.base/java.net=ALL-UNNAMED --add-opens=java.base/java.util.concurrent.atomic=ALL-UNNAMED -Xmx2048m -Dfile.encoding=UTF-8 -Duser.country=IN -Duser.language=en -Duser.variant 
java_command: org.gradle.launcher.daemon.bootstrap.GradleDaemon 7.0.2
java_class_path (initial): C:\Users\sibay\.gradle\wrapper\dists\gradle-7.0.2-bin\857tjihv64xamwrf0h14cai3r\gradle-7.0.2\lib\gradle-launcher-7.0.2.jar
Launcher Type: SUN_STANDARD

[Global flags]
     intx CICompilerCount                          = 4                                         {product} {ergonomic}
     uint ConcGCThreads                            = 2                                         {product} {ergonomic}
     uint G1ConcRefinementThreads                  = 8                                         {product} {ergonomic}
   size_t G1HeapRegionSize                         = 1048576                                   {product} {ergonomic}
    uintx GCDrainStackTargetSize                   = 64                                        {product} {ergonomic}
   size_t InitialHeapSize                          = 132120576                                 {product} {ergonomic}
   size_t MarkStackSize                            = 4194304                                   {product} {ergonomic}
   size_t MaxHeapSize                              = 2147483648                                {product} {command line}
   size_t MaxNewSize                               = 1287651328                                {product} {ergonomic}
   size_t MinHeapDeltaBytes                        = 1048576                                   {product} {ergonomic}
    uintx NonNMethodCodeHeapSize                   = 5836300                                {pd product} {ergonomic}
    uintx NonProfiledCodeHeapSize                  = 122910970                              {pd product} {ergonomic}
    uintx ProfiledCodeHeapSize                     = 122910970                              {pd product} {ergonomic}
    uintx ReservedCodeCacheSize                    = 251658240                              {pd product} {ergonomic}
     bool SegmentedCodeCache                       = true                                      {product} {ergonomic}
     bool UseCompressedClassPointers               = true                                 {lp64_product} {ergonomic}
     bool UseCompressedOops                        = true                                 {lp64_product} {ergonomic}
     bool UseG1GC                                  = true                                      {product} {ergonomic}
     bool UseLargePagesIndividualAllocation        = false                                  {pd product} {ergonomic}

Logging:
Log output configuration:
 #0: stdout all=warning uptime,level,tags
 #1: stderr all=off uptime,level,tags

Environment Variables:
PATH=C:\Program Files\Common Files\Oracle\Java\javapath;C:\Windows\system32;C:\Windows;C:\Windows\System32\Wbem;C:\Windows\System32\WindowsPowerShell\v1.0\;C:\Windows\System32\OpenSSH\;C:\Program Files (x86)\NVIDIA Corporation\PhysX\Common;C:\Program Files\NVIDIA Corporation\NVIDIA NvDLISR;C:\WINDOWS\system32;C:\WINDOWS;C:\WINDOWS\System32\Wbem;C:\WINDOWS\System32\WindowsPowerShell\v1.0\;C:\WINDOWS\System32\OpenSSH\;C:\MinGW\bin;C:\Users\sibay\AppData\Local\Microsoft\WindowsApps;C:\Program Files\mingw-w64\x86_64-8.1.0-posix-seh-rt_v6-rev0\mingw64\bin;C:\Program Files (x86)\mingw-w64\i686-8.1.0-posix-dwarf-rt_v6-rev0\mingw32\bin;C:\Users\sibay\AppData\Local\Programs\Microsoft VS Code\bin;C:\Program Files\JetBrains\IntelliJ IDEA Community Edition 2021.2\bin;
USERNAME=Sibayan
OS=Windows_NT
PROCESSOR_IDENTIFIER=Intel64 Family 6 Model 158 Stepping 10, GenuineIntel



---------------  S Y S T E M  ---------------

OS: Windows 10 , 64 bit Build 19041 (10.0.19041.1023)
OS uptime: 0 days 4:13 hours

CPU:total 8 (initial active 8) (4 cores per cpu, 2 threads per core) family 6 model 158 stepping 10 microcode 0xde, cmov, cx8, fxsr, mmx, sse, sse2, sse3, ssse3, sse4.1, sse4.2, popcnt, avx, avx2, aes, clmul, erms, 3dnowpref, lzcnt, ht, tsc, tscinvbit, bmi1, bmi2, adx, fma

Memory: 4k page, system-wide physical 8043M (744M free)
TotalPageFile size 11845M (AvailPageFile size 44M)
current process WorkingSet (physical memory assigned to process): 341M, peak: 344M
current process commit charge ("private bytes"): 391M, peak: 394M

vm_info: OpenJDK 64-Bit Server VM (11.0.10+0-b96-7249189) for windows-amd64 JRE (11.0.10+0-b96-7249189), built on Mar 31 2021 21:44:00 by "builder" with MS VC++ 14.0 (VS2015)

END.
